<?xml version="1.0" encoding="UTF-8"?>
<testng-results ignored="0" total="2" passed="2" failed="0" skipped="0">
  <reporter-output>
  </reporter-output>
  <suite started-at="2023-03-22T10:59:09 IST" name="Suite" finished-at="2023-03-22T10:59:36 IST" duration-ms="26983">
    <groups>
    </groups>
    <test started-at="2023-03-22T10:59:09 IST" name="Test" finished-at="2023-03-22T10:59:36 IST" duration-ms="26983">
      <class name="PlanetSuperHerosShopTest.PlanetSuperHerosShopTest">
        <test-method is-config="true" signature="shop()[pri:0, instance:PlanetSuperHerosShopTest.PlanetSuperHerosShopTest@13e344d]" started-at="2023-03-22T10:59:10 IST" name="shop" finished-at="2023-03-22T10:59:10 IST" duration-ms="358" status="FAIL">
          <exception class="java.lang.IllegalStateException">
            <message>
              <![CDATA[The path to the driver executable The path to the driver executable must be set by the webdriver.chrome.driver system property; for more information, see https://chromedriver.chromium.org/. The latest version can be downloaded from https://chromedriver.chromium.org/downloads]]>
            </message>
            <full-stacktrace>
              <![CDATA[java.lang.IllegalStateException: The path to the driver executable The path to the driver executable must be set by the webdriver.chrome.driver system property; for more information, see https://chromedriver.chromium.org/. The latest version can be downloaded from https://chromedriver.chromium.org/downloads
at org.openqa.selenium.internal.Require$StateChecker.nonNull(Require.java:314)
at org.openqa.selenium.remote.service.DriverService.findExecutable(DriverService.java:148)
at org.openqa.selenium.chrome.ChromeDriverService.access$000(ChromeDriverService.java:39)
at org.openqa.selenium.chrome.ChromeDriverService$Builder.findDefaultExecutable(ChromeDriverService.java:233)
at org.openqa.selenium.remote.service.DriverService$Builder.build(DriverService.java:450)
at org.openqa.selenium.chrome.ChromeDriverService.createServiceWithConfig(ChromeDriverService.java:142)
at org.openqa.selenium.chrome.ChromeDriver.<init>(ChromeDriver.java:70)
at LibraryFiles.BaseClass.openBrowser(BaseClass.java:26)
at PlanetSuperHerosShopTest.PlanetSuperHerosShopTest.shop(PlanetSuperHerosShopTest.java:33)
at java.base/jdk.internal.reflect.NativeMethodAccessorImpl.invoke0(Native Method)
at java.base/jdk.internal.reflect.NativeMethodAccessorImpl.invoke(NativeMethodAccessorImpl.java:78)
at java.base/jdk.internal.reflect.DelegatingMethodAccessorImpl.invoke(DelegatingMethodAccessorImpl.java:43)
at java.base/java.lang.reflect.Method.invoke(Method.java:567)
at org.testng.internal.MethodInvocationHelper.invokeMethod(MethodInvocationHelper.java:133)
at org.testng.internal.MethodInvocationHelper.invokeMethodConsideringTimeout(MethodInvocationHelper.java:62)
at org.testng.internal.ConfigInvoker.invokeConfigurationMethod(ConfigInvoker.java:385)
at org.testng.internal.ConfigInvoker.invokeConfigurations(ConfigInvoker.java:321)
at org.testng.internal.TestMethodWorker.invokeBeforeClassMethods(TestMethodWorker.java:176)
at org.testng.internal.TestMethodWorker.run(TestMethodWorker.java:122)
at java.base/java.util.concurrent.ThreadPoolExecutor.runWorker(ThreadPoolExecutor.java:1130)
at java.base/java.util.concurrent.ThreadPoolExecutor$Worker.run(ThreadPoolExecutor.java:630)
at java.base/java.lang.Thread.run(Thread.java:831)
]]>
            </full-stacktrace>
          </exception> <!-- java.lang.IllegalStateException -->
          <reporter-output>
          </reporter-output>
        </test-method> <!-- shop -->
      </class> <!-- PlanetSuperHerosShopTest.PlanetSuperHerosShopTest -->
      <class name="Modul1_PlanetSuperHeroeslogin_Signup_Test.LoginPagTest">
        <test-method is-config="true" signature="OpenB()[pri:0, instance:Modul1_PlanetSuperHeroeslogin_Signup_Test.LoginPagTest@1ffaf86]" started-at="2023-03-22T10:59:10 IST" name="OpenB" finished-at="2023-03-22T10:59:10 IST" duration-ms="14" status="PASS">
          <reporter-output>
          </reporter-output>
        </test-method> <!-- OpenB -->
      </class> <!-- Modul1_PlanetSuperHeroeslogin_Signup_Test.LoginPagTest -->
      <class name="Modul1_PlanetSuperHeroeslogin_Signup_Test.HeroWelCompageTest">
        <test-method is-config="true" signature="opnBr()[pri:0, instance:Modul1_PlanetSuperHeroeslogin_Signup_Test.HeroWelCompageTest@41a0aa7d]" started-at="2023-03-22T10:59:10 IST" name="opnBr" finished-at="2023-03-22T10:59:28 IST" duration-ms="18295" status="PASS">
          <reporter-output>
          </reporter-output>
        </test-method> <!-- opnBr -->
        <test-method signature="verifytitle()[pri:0, instance:Modul1_PlanetSuperHeroeslogin_Signup_Test.HeroWelCompageTest@41a0aa7d]" started-at="2023-03-22T10:59:28 IST" name="verifytitle" finished-at="2023-03-22T10:59:36 IST" duration-ms="8315" status="PASS">
          <reporter-output>
          </reporter-output>
        </test-method> <!-- verifytitle -->
        <test-method signature="login()[pri:0, instance:Modul1_PlanetSuperHeroeslogin_Signup_Test.HeroWelCompageTest@41a0aa7d]" started-at="2023-03-22T10:59:36 IST" name="login" finished-at="2023-03-22T10:59:36 IST" depends-on-methods="Modul1_PlanetSuperHeroeslogin_Signup_Test.HeroWelCompageTest.verifytitle" duration-ms="254" status="PASS">
          <reporter-output>
          </reporter-output>
        </test-method> <!-- login -->
      </class> <!-- Modul1_PlanetSuperHeroeslogin_Signup_Test.HeroWelCompageTest -->
    </test> <!-- Test -->
  </suite> <!-- Suite -->
</testng-results>
